{"/Users/kostas/Library/CloudStorage/OneDrive-Personal/Makers/codewars/js/6kyu_Counting_Duplicates/duplicateCount.js": {"path":"/Users/kostas/Library/CloudStorage/OneDrive-Personal/Makers/codewars/js/6kyu_Counting_Duplicates/duplicateCount.js","statementMap":{"0":{"start":{"line":1,"column":23},"end":{"line":3,"column":1}},"1":{"start":{"line":2,"column":2},"end":{"line":2,"column":10}},"2":{"start":{"line":5,"column":0},"end":{"line":5,"column":32}}},"fnMap":{"0":{"name":"(anonymous_0)","decl":{"start":{"line":1,"column":23},"end":{"line":1,"column":24}},"loc":{"start":{"line":1,"column":29},"end":{"line":3,"column":1}},"line":1}},"branchMap":{},"s":{"0":1,"1":1,"2":1},"f":{"0":1},"b":{},"_coverageSchema":"1a1c01bbd47fc00a2c39e90264f33305004495a9","hash":"b3c834dc36f4cc73b805a516a60b92d599500acb"}
}
